── Attaching packages ─────────────────────────────────────── tidyverse 1.3.2 ──
✔ ggplot2 3.3.6      ✔ purrr   0.3.4 
✔ tibble  3.1.8      ✔ dplyr   1.0.10
✔ tidyr   1.2.0      ✔ stringr 1.4.1 
✔ readr   2.1.2      ✔ forcats 0.5.2 
── Conflicts ────────────────────────────────────────── tidyverse_conflicts() ──
✖ dplyr::filter() masks stats::filter()
✖ dplyr::lag()    masks stats::lag()

Please cite as: 

 Hlavac, Marek (2022). stargazer: Well-Formatted Regression and Summary Statistics Tables.
 R package version 5.2.3. https://CRAN.R-project.org/package=stargazer 

[1] TRUE
# A tibble: 12,686 × 7
       i self_esteem head_start pre_school   sex urban  male
   <int>       <int>      <int>      <int> <int> <dbl> <dbl>
 1     1          NA         NA         NA     2     1     0
 2     2          16         NA          1     2     1     0
 3     3          20          0          0     2     1     0
 4     4          NA         NA         NA     2     1     0
 5     5          23         NA         NA     1     1     1
 6     6          27          0          0     1     1     1
 7     7          26          0          1     1     1     1
 8     8          23         NA          1     2     1     0
 9     9          26          0          0     1     1     1
10    10          19          0          0     2     1     0
# … with 12,676 more rows
── Data Summary ────────────────────────
                           Values  
Name                       new_data
Number of rows             12686   
Number of columns          7       
_______________________            
Column type frequency:             
  numeric                  7       
________________________           
Group variables            None    

── Variable type: numeric ──────────────────────────────────────────────────────
  skim_variable n_missing complete_rate     mean       sd p0   p25   p50   p75
1 i                     0         1     6344.    3662.     1 3172. 6344. 9515.
2 self_esteem         694         0.945   22.4      4.13   6   19    22    26 
3 head_start         6805         0.464    0.201    0.401  0    0     0     0 
4 pre_school         5068         0.601    0.187    0.390  0    0     0     0 
5 sex                   0         1        1.50     0.500  1    1     1     2 
6 urban                40         0.997    0.788    0.408  0    1     1     1 
7 male                  0         1        0.505    0.500  0    0     1     1 
   p100 hist 
1 12686 ▇▇▇▇▇
2    30 ▁▁▇▇▆
3     1 ▇▁▁▁▂
4     1 ▇▁▁▁▂
5     2 ▇▁▁▁▇
6     1 ▂▁▁▁▇
7     1 ▇▁▁▁▇

Results
===============================================================================================================
                                                        Dependent variable:                                    
                    -------------------------------------------------------------------------------------------
                                                            self_esteem                                        
                            (1)                    (2)                    (3)                     (4)          
---------------------------------------------------------------------------------------------------------------
head_start                 -0.049                -0.050                  -0.032                  0.410         
                          (0.132)                (0.133)                (0.185)                 (0.304)        
                                                                                                               
male                                              0.135                  0.143                   0.134         
                                                 (0.106)                (0.119)                 (0.106)        
                                                                                                               
head_start:urban                                                                                -0.568*        
                                                                                                (0.338)        
                                                                                                               
urban                                           0.413***                0.413***               0.518***        
                                                 (0.131)                (0.131)                 (0.145)        
                                                                                                               
head_start:male                                                          -0.037                                
                                                                        (0.266)                                
                                                                                                               
Constant                 21.947***              21.553***              21.550***               21.471***       
                          (0.060)                (0.132)                (0.134)                 (0.140)        
                                                                                                               
---------------------------------------------------------------------------------------------------------------
Observations               5,662                  5,641                  5,641                   5,641         
R2                        0.00002                 0.002                  0.002                   0.003         
Adjusted R2               -0.0002                 0.002                  0.001                   0.002         
Residual Std. Error  4.001 (df = 5660)      3.997 (df = 5637)      3.997 (df = 5636)       3.996 (df = 5636)   
F Statistic         0.138 (df = 1; 5660) 3.830*** (df = 3; 5637) 2.877** (df = 4; 5636) 3.581*** (df = 4; 5636)
===============================================================================================================
Note:                                                                               *p<0.1; **p<0.05; ***p<0.01
